{
  "stats": {
    "suites": 3,
    "tests": 5,
    "passes": 5,
    "pending": 0,
    "failures": 0,
    "start": "2025-05-12T10:46:04.796Z",
    "end": "2025-05-12T10:49:21.076Z",
    "duration": 196280,
    "testsRegistered": 5,
    "passPercent": 100,
    "pendingPercent": 0,
    "other": 0,
    "hasOther": false,
    "skipped": 0,
    "hasSkipped": false
  },
  "results": [
    {
      "uuid": "aea48d8f-a17d-418c-83e0-07a9330dec2f",
      "title": "",
      "fullFile": "cypress\\e2e\\tests\\userLogin.cy.js",
      "file": "cypress\\e2e\\tests\\userLogin.cy.js",
      "beforeHooks": [],
      "afterHooks": [],
      "tests": [],
      "suites": [
        {
          "uuid": "d468020d-369e-491f-934d-bad62a31e9a8",
          "title": "Verify the Login behaviour",
          "fullFile": "",
          "file": "",
          "beforeHooks": [],
          "afterHooks": [],
          "tests": [],
          "suites": [
            {
              "uuid": "b5c8dd61-f257-4cc7-a34b-3190ff2d5c3c",
              "title": "Positive Login Test Cases ",
              "fullFile": "",
              "file": "",
              "beforeHooks": [],
              "afterHooks": [],
              "tests": [
                {
                  "title": "Verify login with correct username and password",
                  "fullTitle": "Verify the Login behaviour Positive Login Test Cases  Verify login with correct username and password",
                  "timedOut": null,
                  "duration": 62100,
                  "state": "passed",
                  "speed": "slow",
                  "pass": true,
                  "fail": false,
                  "pending": false,
                  "context": "{\n  \"title\": \"cypress-mochawesome-reporter-screenshots\",\n  \"value\": [\n    [\n      \"\\\\userLogin.cy.js\\\\Verify the Login behaviour -- Positive Login Test Cases -- Verify login with correct username and password (failed).png\"\n    ],\n    []\n  ]\n}",
                  "code": "_loginPage.default.login(loginData.valid1);\n_myAccount.default.verifyAccountIsLogged(url);",
                  "err": {},
                  "uuid": "49338e9c-24fa-4546-a534-e47f86a83448",
                  "parentUUID": "b5c8dd61-f257-4cc7-a34b-3190ff2d5c3c",
                  "isHook": false,
                  "skipped": false
                },
                {
                  "title": "Verify login with case-insensitive username and password",
                  "fullTitle": "Verify the Login behaviour Positive Login Test Cases  Verify login with case-insensitive username and password",
                  "timedOut": null,
                  "duration": 11435,
                  "state": "passed",
                  "speed": "slow",
                  "pass": true,
                  "fail": false,
                  "pending": false,
                  "context": null,
                  "code": "_loginPage.default.login(loginData.valid2);\n_myAccount.default.verifyAccountIsLogged(url);",
                  "err": {},
                  "uuid": "b46cf1ba-f03b-444a-9f41-30d30b10565b",
                  "parentUUID": "b5c8dd61-f257-4cc7-a34b-3190ff2d5c3c",
                  "isHook": false,
                  "skipped": false
                }
              ],
              "suites": [],
              "passes": [
                "49338e9c-24fa-4546-a534-e47f86a83448",
                "b46cf1ba-f03b-444a-9f41-30d30b10565b"
              ],
              "failures": [],
              "pending": [],
              "skipped": [],
              "duration": 73535,
              "root": false,
              "rootEmpty": false,
              "_timeout": 2000
            },
            {
              "uuid": "c07feea0-7816-49cf-b746-86f62791d5f0",
              "title": "Negative Login Test Cases ",
              "fullFile": "",
              "file": "",
              "beforeHooks": [],
              "afterHooks": [],
              "tests": [
                {
                  "title": "Verify login with invalid username and correct password",
                  "fullTitle": "Verify the Login behaviour Negative Login Test Cases  Verify login with invalid username and correct password",
                  "timedOut": null,
                  "duration": 11018,
                  "state": "passed",
                  "speed": "slow",
                  "pass": true,
                  "fail": false,
                  "pending": false,
                  "context": null,
                  "code": "_loginPage.default.login(loginData.invalid1);\n_loginPage.default.getErrorMessage(\"Error: Incorrect login or password provided.\");",
                  "err": {},
                  "uuid": "45fa9e63-fc31-411c-b9f9-f659ed2669cc",
                  "parentUUID": "c07feea0-7816-49cf-b746-86f62791d5f0",
                  "isHook": false,
                  "skipped": false
                },
                {
                  "title": "Verify login with valid username and invalid password",
                  "fullTitle": "Verify the Login behaviour Negative Login Test Cases  Verify login with valid username and invalid password",
                  "timedOut": null,
                  "duration": 10991,
                  "state": "passed",
                  "speed": "slow",
                  "pass": true,
                  "fail": false,
                  "pending": false,
                  "context": null,
                  "code": "_loginPage.default.login(loginData.invalid2);\n_loginPage.default.getErrorMessage(\"Error: Incorrect login or password provided.\");",
                  "err": {},
                  "uuid": "b4cb9657-cc85-42a7-9eb6-60588bb49837",
                  "parentUUID": "c07feea0-7816-49cf-b746-86f62791d5f0",
                  "isHook": false,
                  "skipped": false
                },
                {
                  "title": "Verify login with spaces in username and password",
                  "fullTitle": "Verify the Login behaviour Negative Login Test Cases  Verify login with spaces in username and password",
                  "timedOut": null,
                  "duration": 45163,
                  "state": "passed",
                  "speed": "slow",
                  "pass": true,
                  "fail": false,
                  "pending": false,
                  "context": null,
                  "code": "_loginPage.default.login(loginData.invalid4);\n_loginPage.default.getErrorMessage(\"Error: Incorrect login or password provided.\");",
                  "err": {},
                  "uuid": "1ed67fda-0203-4bac-acfd-e9e69d3a3f61",
                  "parentUUID": "c07feea0-7816-49cf-b746-86f62791d5f0",
                  "isHook": false,
                  "skipped": false
                }
              ],
              "suites": [],
              "passes": [
                "45fa9e63-fc31-411c-b9f9-f659ed2669cc",
                "b4cb9657-cc85-42a7-9eb6-60588bb49837",
                "1ed67fda-0203-4bac-acfd-e9e69d3a3f61"
              ],
              "failures": [],
              "pending": [],
              "skipped": [],
              "duration": 67172,
              "root": false,
              "rootEmpty": false,
              "_timeout": 2000
            }
          ],
          "passes": [],
          "failures": [],
          "pending": [],
          "skipped": [],
          "duration": 0,
          "root": false,
          "rootEmpty": false,
          "_timeout": 2000
        }
      ],
      "passes": [],
      "failures": [],
      "pending": [],
      "skipped": [],
      "duration": 0,
      "root": true,
      "rootEmpty": true,
      "_timeout": 2000
    }
  ],
  "meta": {
    "mocha": {
      "version": "7.2.0"
    },
    "mochawesome": {
      "options": {
        "quiet": false,
        "reportFilename": "mochawesome",
        "saveHtml": false,
        "saveJson": true,
        "consoleReporter": "spec",
        "useInlineDiffs": false,
        "code": true
      },
      "version": "7.1.3"
    },
    "marge": {
      "options": {
        "overwrite": false,
        "html": false,
        "json": true,
        "reportDir": "cypress\\reports\\html\\.jsons"
      },
      "version": "6.2.0"
    }
  }
}