{
  "stats": {
    "suites": 1,
    "tests": 2,
    "passes": 2,
    "pending": 0,
    "failures": 0,
    "start": "2025-05-12T10:32:55.284Z",
    "end": "2025-05-12T10:42:01.517Z",
    "duration": 546233,
    "testsRegistered": 2,
    "passPercent": 100,
    "pendingPercent": 0,
    "other": 0,
    "hasOther": false,
    "skipped": 0,
    "hasSkipped": false
  },
  "results": [
    {
      "uuid": "fa44f308-0893-4502-bd90-130146d41ce8",
      "title": "",
      "fullFile": "cypress\\e2e\\tests\\searchAndFilterItems.cy.js",
      "file": "cypress\\e2e\\tests\\searchAndFilterItems.cy.js",
      "beforeHooks": [],
      "afterHooks": [],
      "tests": [],
      "suites": [
        {
          "uuid": "95ca24ea-b146-4ed4-9704-3d83e7d995fd",
          "title": "Serach and Filter the items",
          "fullFile": "",
          "file": "",
          "beforeHooks": [],
          "afterHooks": [],
          "tests": [
            {
              "title": "Search and filter elements using Price",
              "fullTitle": "Serach and Filter the items Search and filter elements using Price",
              "timedOut": null,
              "duration": 75623,
              "state": "passed",
              "speed": "slow",
              "pass": true,
              "fail": false,
              "pending": false,
              "context": "{\n  \"title\": \"cypress-mochawesome-reporter-screenshots\",\n  \"value\": [\n    [\n      \"\\\\searchAndFilterItems.cy.js\\\\Serach and Filter the items -- Search and filter elements using Price (failed).png\"\n    ],\n    []\n  ]\n}",
              "code": "_homePage.default.sortItemsByPriceLowToHigh();",
              "err": {},
              "uuid": "4ca03c37-ac84-4233-b415-47d20205a7b0",
              "parentUUID": "95ca24ea-b146-4ed4-9704-3d83e7d995fd",
              "isHook": false,
              "skipped": false
            },
            {
              "title": "search and filter elements using Name",
              "fullTitle": "Serach and Filter the items search and filter elements using Name",
              "timedOut": null,
              "duration": 99198,
              "state": "passed",
              "speed": "slow",
              "pass": true,
              "fail": false,
              "pending": false,
              "context": "{\n  \"title\": \"cypress-mochawesome-reporter-screenshots\",\n  \"value\": [\n    [\n      \"\\\\searchAndFilterItems.cy.js\\\\Serach and Filter the items -- search and filter elements using Name (failed).png\"\n    ],\n    [\n      \"\\\\searchAndFilterItems.cy.js\\\\Serach and Filter the items -- search and filter elements using Name (failed) (attempt 2).png\"\n    ],\n    []\n  ]\n}",
              "code": "_homePage.default.sortItemsByNameDescending();",
              "err": {},
              "uuid": "2a63ed8d-b7b5-41f9-b791-583f89b94b50",
              "parentUUID": "95ca24ea-b146-4ed4-9704-3d83e7d995fd",
              "isHook": false,
              "skipped": false
            }
          ],
          "suites": [],
          "passes": [
            "4ca03c37-ac84-4233-b415-47d20205a7b0",
            "2a63ed8d-b7b5-41f9-b791-583f89b94b50"
          ],
          "failures": [],
          "pending": [],
          "skipped": [],
          "duration": 174821,
          "root": false,
          "rootEmpty": false,
          "_timeout": 2000
        }
      ],
      "passes": [],
      "failures": [],
      "pending": [],
      "skipped": [],
      "duration": 0,
      "root": true,
      "rootEmpty": true,
      "_timeout": 2000
    }
  ],
  "meta": {
    "mocha": {
      "version": "7.2.0"
    },
    "mochawesome": {
      "options": {
        "quiet": false,
        "reportFilename": "mochawesome",
        "saveHtml": false,
        "saveJson": true,
        "consoleReporter": "spec",
        "useInlineDiffs": false,
        "code": true
      },
      "version": "7.1.3"
    },
    "marge": {
      "options": {
        "overwrite": false,
        "html": false,
        "json": true,
        "reportDir": "cypress\\reports\\html\\.jsons"
      },
      "version": "6.2.0"
    }
  }
}