{
  "stats": {
    "suites": 1,
    "tests": 1,
    "passes": 1,
    "pending": 0,
    "failures": 0,
    "start": "2025-05-13T04:16:55.095Z",
    "end": "2025-05-13T04:24:15.542Z",
    "duration": 440447,
    "testsRegistered": 1,
    "passPercent": 100,
    "pendingPercent": 0,
    "other": 0,
    "hasOther": false,
    "skipped": 0,
    "hasSkipped": false
  },
  "results": [
    {
      "uuid": "d4c98c00-a4cb-4e0d-9466-d7a9fd13c5b2",
      "title": "",
      "fullFile": "cypress\\e2e\\tests\\addProductToWishList.cy.js",
      "file": "cypress\\e2e\\tests\\addProductToWishList.cy.js",
      "beforeHooks": [],
      "afterHooks": [],
      "tests": [],
      "suites": [
        {
          "uuid": "737fdb41-000d-494e-80b0-10338f02397e",
          "title": "Add product to wishlist",
          "fullFile": "",
          "file": "",
          "beforeHooks": [],
          "afterHooks": [],
          "tests": [
            {
              "title": "Verify if the correct random product is added to wishlist",
              "fullTitle": "Add product to wishlist Verify if the correct random product is added to wishlist",
              "timedOut": null,
              "duration": 175916,
              "state": "passed",
              "speed": "slow",
              "pass": true,
              "fail": false,
              "pending": false,
              "context": "{\n  \"title\": \"cypress-mochawesome-reporter-screenshots\",\n  \"value\": [\n    [\n      \"\\\\addProductToWishList.cy.js\\\\Add product to wishlist -- Verify if the correct random product is added to wishlist (failed).png\"\n    ],\n    [\n      \"\\\\addProductToWishList.cy.js\\\\Add product to wishlist -- Verify if the correct random product is added to wishlist (failed) (attempt 2).png\"\n    ],\n    []\n  ]\n}",
              "code": "cy.visit(\"/\");\n_homePage.default.clickLoginAndRegister();\n_loginPage.default.login(userData.valid1);\n_loginPage.default.navigateToHomePage();\n_homePage.default.clickOnRandomProduct();\n_productPage.default.verifyRandomProductDetails();\n_productPage.default.addProductToWishlist();\n_homePage.default.clickOnWishList();\n_wishListPage.default.verifyLatestAddedProductInWishList();",
              "err": {},
              "uuid": "279d0b99-d392-46d9-86f9-bbe404455f9b",
              "parentUUID": "737fdb41-000d-494e-80b0-10338f02397e",
              "isHook": false,
              "skipped": false
            }
          ],
          "suites": [],
          "passes": [
            "279d0b99-d392-46d9-86f9-bbe404455f9b"
          ],
          "failures": [],
          "pending": [],
          "skipped": [],
          "duration": 175916,
          "root": false,
          "rootEmpty": false,
          "_timeout": 2000
        }
      ],
      "passes": [],
      "failures": [],
      "pending": [],
      "skipped": [],
      "duration": 0,
      "root": true,
      "rootEmpty": true,
      "_timeout": 2000
    }
  ],
  "meta": {
    "mocha": {
      "version": "7.2.0"
    },
    "mochawesome": {
      "options": {
        "quiet": false,
        "reportFilename": "mochawesome",
        "saveHtml": false,
        "saveJson": true,
        "consoleReporter": "spec",
        "useInlineDiffs": false,
        "code": true
      },
      "version": "7.1.3"
    },
    "marge": {
      "options": {
        "overwrite": false,
        "html": false,
        "json": true,
        "reportDir": "cypress\\reports\\html\\.jsons"
      },
      "version": "6.2.0"
    }
  }
}