{
  "stats": {
    "suites": 1,
    "tests": 2,
    "passes": 2,
    "pending": 0,
    "failures": 0,
    "start": "2025-05-12T10:23:30.186Z",
    "end": "2025-05-12T10:29:20.806Z",
    "duration": 350620,
    "testsRegistered": 2,
    "passPercent": 100,
    "pendingPercent": 0,
    "other": 0,
    "hasOther": false,
    "skipped": 0,
    "hasSkipped": false
  },
  "results": [
    {
      "uuid": "4ae72fb0-193a-43fe-9ef9-8c6a98b7900f",
      "title": "",
      "fullFile": "cypress\\e2e\\tests\\checkOutProducts.cy.js",
      "file": "cypress\\e2e\\tests\\checkOutProducts.cy.js",
      "beforeHooks": [],
      "afterHooks": [],
      "tests": [],
      "suites": [
        {
          "uuid": "254ef4a3-bf74-4f90-addb-e284e6b300ef",
          "title": "CheckOut products",
          "fullFile": "",
          "file": "",
          "beforeHooks": [],
          "afterHooks": [],
          "tests": [
            {
              "title": "Checkout Products without login",
              "fullTitle": "CheckOut products Checkout Products without login",
              "timedOut": null,
              "duration": 133785,
              "state": "passed",
              "speed": "slow",
              "pass": true,
              "fail": false,
              "pending": false,
              "context": "{\n  \"title\": \"cypress-mochawesome-reporter-screenshots\",\n  \"value\": [\n    [\n      \"\\\\checkOutProducts.cy.js\\\\CheckOut products -- Checkout Products without login (failed).png\"\n    ],\n    []\n  ]\n}",
              "code": "_homePage.default.clickOnRandomProduct();\n_productPage.default.verifyRandomProductDetails();\n_productPage.default.addProductToCart();\n_cartPage.default.verifyLatestProductInCart();\n_cartPage.default.setShippingDetails();\n_cartPage.default.checkTotals();\n_cartPage.default.clickCheckOut();\n_loginPage.default.clickGuestCheckOut();\n_cartPage.default.fillGuestPersonalDeatils();\n_checkOutConfirmation.default.verifyItemsAndPlaceOrder();\n_checkOutConfirmation.default.clickCheckOut();",
              "err": {},
              "uuid": "d62f4431-a9f3-4945-b9f3-bfb9b16d002c",
              "parentUUID": "254ef4a3-bf74-4f90-addb-e284e6b300ef",
              "isHook": false,
              "skipped": false
            },
            {
              "title": "CheckOut Products from the wishList with Login ",
              "fullTitle": "CheckOut products CheckOut Products from the wishList with Login ",
              "timedOut": null,
              "duration": 65512,
              "state": "passed",
              "speed": "slow",
              "pass": true,
              "fail": false,
              "pending": false,
              "context": "{\n  \"title\": \"cypress-mochawesome-reporter-screenshots\",\n  \"value\": [\n    [\n      \"\\\\checkOutProducts.cy.js\\\\CheckOut products -- CheckOut Products from the wishList with Login (failed).png\"\n    ],\n    []\n  ]\n}",
              "code": "_homePage.default.clickLoginAndRegister();\n_loginPage.default.login(userData.valid1);\n_loginPage.default.navigateToHomePage();\n_homePage.default.clickOnRandomProduct();\n_productPage.default.verifyRandomProductDetails();\n_productPage.default.addProductToWishlist();\n_homePage.default.clickOnWishList();\n_wishListPage.default.verifyLatestAddedProductInWishList();\n_wishListPage.default.addProductToCart();\n_cartPage.default.verifyLatestProductInCart();\n_cartPage.default.setShippingDetails();\n_cartPage.default.checkTotals();\n_cartPage.default.clickCheckOut();\n_checkOutConfirmation.default.verifyItemsAndPlaceOrder();\n_checkOutConfirmation.default.clickCheckOut();",
              "err": {},
              "uuid": "63abaaf3-6739-41f4-b774-2b773f617053",
              "parentUUID": "254ef4a3-bf74-4f90-addb-e284e6b300ef",
              "isHook": false,
              "skipped": false
            }
          ],
          "suites": [],
          "passes": [
            "d62f4431-a9f3-4945-b9f3-bfb9b16d002c",
            "63abaaf3-6739-41f4-b774-2b773f617053"
          ],
          "failures": [],
          "pending": [],
          "skipped": [],
          "duration": 199297,
          "root": false,
          "rootEmpty": false,
          "_timeout": 2000
        }
      ],
      "passes": [],
      "failures": [],
      "pending": [],
      "skipped": [],
      "duration": 0,
      "root": true,
      "rootEmpty": true,
      "_timeout": 2000
    }
  ],
  "meta": {
    "mocha": {
      "version": "7.2.0"
    },
    "mochawesome": {
      "options": {
        "quiet": false,
        "reportFilename": "mochawesome",
        "saveHtml": false,
        "saveJson": true,
        "consoleReporter": "spec",
        "useInlineDiffs": false,
        "code": true
      },
      "version": "7.1.3"
    },
    "marge": {
      "options": {
        "overwrite": false,
        "html": false,
        "json": true,
        "reportDir": "cypress\\reports\\html\\.jsons"
      },
      "version": "6.2.0"
    }
  }
}