{
  "stats": {
    "suites": 1,
    "tests": 1,
    "passes": 1,
    "pending": 0,
    "failures": 0,
    "start": "2025-05-13T04:29:35.963Z",
    "end": "2025-05-13T04:34:12.077Z",
    "duration": 276114,
    "testsRegistered": 1,
    "passPercent": 100,
    "pendingPercent": 0,
    "other": 0,
    "hasOther": false,
    "skipped": 0,
    "hasSkipped": false
  },
  "results": [
    {
      "uuid": "2ddfc27e-14d8-4237-bbde-c88dd8ddee99",
      "title": "",
      "fullFile": "cypress\\e2e\\tests\\menuItems.cy.js",
      "file": "cypress\\e2e\\tests\\menuItems.cy.js",
      "beforeHooks": [],
      "afterHooks": [],
      "tests": [],
      "suites": [
        {
          "uuid": "c9d01950-bb4f-46f7-bb14-c50caeac880e",
          "title": "Verifying menu items",
          "fullFile": "",
          "file": "",
          "beforeHooks": [],
          "afterHooks": [],
          "tests": [
            {
              "title": "Verify if correct menu and sub menu items are displayed ",
              "fullTitle": "Verifying menu items Verify if correct menu and sub menu items are displayed ",
              "timedOut": null,
              "duration": 87454,
              "state": "passed",
              "speed": "slow",
              "pass": true,
              "fail": false,
              "pending": false,
              "context": "{\n  \"title\": \"cypress-mochawesome-reporter-screenshots\",\n  \"value\": [\n    [\n      \"\\\\menuItems.cy.js\\\\Verifying menu items -- Verify if correct menu and sub menu items are displayed (failed).png\"\n    ],\n    [\n      \"\\\\menuItems.cy.js\\\\Verifying menu items -- Verify if correct menu and sub menu items are displayed (failed) (attempt 2).png\"\n    ],\n    []\n  ]\n}",
              "code": "cy.visit(\"/\");\n_homePage.default.checkAllMenuItems();",
              "err": {},
              "uuid": "06ad746c-1966-4fee-a7bb-1fc060eb896a",
              "parentUUID": "c9d01950-bb4f-46f7-bb14-c50caeac880e",
              "isHook": false,
              "skipped": false
            }
          ],
          "suites": [],
          "passes": [
            "06ad746c-1966-4fee-a7bb-1fc060eb896a"
          ],
          "failures": [],
          "pending": [],
          "skipped": [],
          "duration": 87454,
          "root": false,
          "rootEmpty": false,
          "_timeout": 2000
        }
      ],
      "passes": [],
      "failures": [],
      "pending": [],
      "skipped": [],
      "duration": 0,
      "root": true,
      "rootEmpty": true,
      "_timeout": 2000
    }
  ],
  "meta": {
    "mocha": {
      "version": "7.2.0"
    },
    "mochawesome": {
      "options": {
        "quiet": false,
        "reportFilename": "mochawesome",
        "saveHtml": false,
        "saveJson": true,
        "consoleReporter": "spec",
        "useInlineDiffs": false,
        "code": true
      },
      "version": "7.1.3"
    },
    "marge": {
      "options": {
        "overwrite": false,
        "html": false,
        "json": true,
        "reportDir": "cypress\\reports\\html\\.jsons"
      },
      "version": "6.2.0"
    }
  }
}