{
  "stats": {
    "suites": 1,
    "tests": 1,
    "passes": 1,
    "pending": 0,
    "failures": 0,
    "start": "2025-05-13T04:28:23.046Z",
    "end": "2025-05-13T04:29:34.906Z",
    "duration": 71860,
    "testsRegistered": 1,
    "passPercent": 100,
    "pendingPercent": 0,
    "other": 0,
    "hasOther": false,
    "skipped": 0,
    "hasSkipped": false
  },
  "results": [
    {
      "uuid": "b39fc7e5-bbd8-4bd3-a5e6-e48271c6dc2e",
      "title": "",
      "fullFile": "cypress\\e2e\\tests\\currenySymbols.cy.js",
      "file": "cypress\\e2e\\tests\\currenySymbols.cy.js",
      "beforeHooks": [],
      "afterHooks": [],
      "tests": [],
      "suites": [
        {
          "uuid": "11d53554-d820-4f13-b422-3c1072e2b6ed",
          "title": "Set and Verify curreny on HomePage",
          "fullFile": "",
          "file": "",
          "beforeHooks": [],
          "afterHooks": [],
          "tests": [
            {
              "title": "Correct currency symbol is displayed at all places in HomePage ",
              "fullTitle": "Set and Verify curreny on HomePage Correct currency symbol is displayed at all places in HomePage ",
              "timedOut": null,
              "duration": 71782,
              "state": "passed",
              "speed": "slow",
              "pass": true,
              "fail": false,
              "pending": false,
              "context": null,
              "code": "cy.visit(\"/\");\n_homePage.default.setCurrencyAndVerifyAppliedCurrency();",
              "err": {},
              "uuid": "39fa4138-35dd-4e16-b3d7-3df5a3cd297d",
              "parentUUID": "11d53554-d820-4f13-b422-3c1072e2b6ed",
              "isHook": false,
              "skipped": false
            }
          ],
          "suites": [],
          "passes": [
            "39fa4138-35dd-4e16-b3d7-3df5a3cd297d"
          ],
          "failures": [],
          "pending": [],
          "skipped": [],
          "duration": 71782,
          "root": false,
          "rootEmpty": false,
          "_timeout": 2000
        }
      ],
      "passes": [],
      "failures": [],
      "pending": [],
      "skipped": [],
      "duration": 0,
      "root": true,
      "rootEmpty": true,
      "_timeout": 2000
    }
  ],
  "meta": {
    "mocha": {
      "version": "7.2.0"
    },
    "mochawesome": {
      "options": {
        "quiet": false,
        "reportFilename": "mochawesome",
        "saveHtml": false,
        "saveJson": true,
        "consoleReporter": "spec",
        "useInlineDiffs": false,
        "code": true
      },
      "version": "7.1.3"
    },
    "marge": {
      "options": {
        "overwrite": false,
        "html": false,
        "json": true,
        "reportDir": "cypress\\reports\\html\\.jsons"
      },
      "version": "6.2.0"
    }
  }
}