{
  "stats": {
    "suites": 1,
    "tests": 1,
    "passes": 0,
    "pending": 0,
    "failures": 1,
    "start": "2025-05-13T05:21:14.881Z",
    "end": "2025-05-13T05:23:13.152Z",
    "duration": 118271,
    "testsRegistered": 1,
    "passPercent": 0,
    "pendingPercent": 0,
    "other": 0,
    "hasOther": false,
    "skipped": 0,
    "hasSkipped": false
  },
  "results": [
    {
      "uuid": "404e5bbe-0554-4628-8499-49906c898a79",
      "title": "",
      "fullFile": "cypress\\e2e\\tests\\addProductToWishList.cy.js",
      "file": "cypress\\e2e\\tests\\addProductToWishList.cy.js",
      "beforeHooks": [],
      "afterHooks": [],
      "tests": [],
      "suites": [
        {
          "uuid": "bd2ced56-2351-4562-a957-6fb5693f42de",
          "title": "Add product to wishlist",
          "fullFile": "",
          "file": "",
          "beforeHooks": [],
          "afterHooks": [],
          "tests": [
            {
              "title": "Verify if the correct random product is added to wishlist",
              "fullTitle": "Add product to wishlist Verify if the correct random product is added to wishlist",
              "timedOut": null,
              "duration": 37875,
              "state": "failed",
              "speed": null,
              "pass": false,
              "fail": true,
              "pending": false,
              "context": "{\n  \"title\": \"cypress-mochawesome-reporter-screenshots\",\n  \"value\": [\n    [\n      \"\\\\addProductToWishList.cy.js\\\\Add product to wishlist -- Verify if the correct random product is added to wishlist (failed).png\"\n    ],\n    [\n      \"\\\\addProductToWishList.cy.js\\\\Add product to wishlist -- Verify if the correct random product is added to wishlist (failed) (attempt 2).png\"\n    ],\n    [\n      \"\\\\addProductToWishList.cy.js\\\\Add product to wishlist -- Verify if the correct random product is added to wishlist (failed) (attempt 3).png\"\n    ]\n  ]\n}",
              "code": "cy.visit(\"/\");\n_homePage.default.clickLoginAndRegister();\n_loginPage.default.login(userData.valid1);\n_loginPage.default.navigateToHomePage();\n_homePage.default.clickOnRandomProduct();\n_productPage.default.verifyRandomProductDetails();\n_productPage.default.addProductToWishlist();\n_homePage.default.clickOnWishList();\n_wishListPage.default.verifyLatestAddedProductInWishList();",
              "err": {
                "message": "TypeError: The following error originated from your application code, not from Cypress.\n\n  > $(...).tab is not a function\n\nWhen Cypress detects uncaught errors originating from your application it will automatically fail the current test.\n\nThis behavior is configurable, and you can choose to turn this off by listening to the `uncaught:exception` event.\n\nhttps://on.cypress.io/uncaught-exception-from-application",
                "estack": "TypeError: The following error originated from your application code, not from Cypress.\n\n  > $(...).tab is not a function\n\nWhen Cypress detects uncaught errors originating from your application it will automatically fail the current test.\n\nThis behavior is configurable, and you can choose to turn this off by listening to the `uncaught:exception` event.\n\nhttps://on.cypress.io/uncaught-exception-from-application\n    at HTMLDocument.<anonymous> (https://automationteststore.com/storefront/view/default/javascript/custom.js:101:22)\n    at i (https://automationteststore.com/storefront/view/default/javascript/jquery-1.12.4.min.js:2:27449)\n    at Object.fireWith [as resolveWith] (https://automationteststore.com/storefront/view/default/javascript/jquery-1.12.4.min.js:2:28213)\n    at Function.ready (https://automationteststore.com/storefront/view/default/javascript/jquery-1.12.4.min.js:2:30006)\n    at HTMLDocument.K (https://automationteststore.com/storefront/view/default/javascript/jquery-1.12.4.min.js:2:30368)",
                "diff": null
              },
              "uuid": "acaef8e8-35b6-4f4d-9e1b-01c55b4b7870",
              "parentUUID": "bd2ced56-2351-4562-a957-6fb5693f42de",
              "isHook": false,
              "skipped": false
            }
          ],
          "suites": [],
          "passes": [],
          "failures": [
            "acaef8e8-35b6-4f4d-9e1b-01c55b4b7870"
          ],
          "pending": [],
          "skipped": [],
          "duration": 37875,
          "root": false,
          "rootEmpty": false,
          "_timeout": 2000
        }
      ],
      "passes": [],
      "failures": [],
      "pending": [],
      "skipped": [],
      "duration": 0,
      "root": true,
      "rootEmpty": true,
      "_timeout": 2000
    }
  ],
  "meta": {
    "mocha": {
      "version": "7.2.0"
    },
    "mochawesome": {
      "options": {
        "quiet": false,
        "reportFilename": "mochawesome",
        "saveHtml": false,
        "saveJson": true,
        "consoleReporter": "spec",
        "useInlineDiffs": false,
        "code": true
      },
      "version": "7.1.3"
    },
    "marge": {
      "options": {
        "overwrite": false,
        "html": false,
        "json": true,
        "reportDir": "cypress\\reports\\html\\.jsons"
      },
      "version": "6.2.0"
    }
  }
}