{
  "stats": {
    "suites": 1,
    "tests": 2,
    "passes": 2,
    "pending": 0,
    "failures": 0,
    "start": "2025-05-14T12:31:33.383Z",
    "end": "2025-05-14T12:36:17.094Z",
    "duration": 283711,
    "testsRegistered": 2,
    "passPercent": 100,
    "pendingPercent": 0,
    "other": 0,
    "hasOther": false,
    "skipped": 0,
    "hasSkipped": false
  },
  "results": [
    {
      "uuid": "0214655e-3268-4ef4-9820-d67f152eadb9",
      "title": "",
      "fullFile": "cypress\\e2e\\tests\\checkOutProducts.cy.js",
      "file": "cypress\\e2e\\tests\\checkOutProducts.cy.js",
      "beforeHooks": [],
      "afterHooks": [],
      "tests": [],
      "suites": [
        {
          "uuid": "0177022f-f35d-4674-a87e-08b6fb1d21ec",
          "title": "CheckOut products",
          "fullFile": "",
          "file": "",
          "beforeHooks": [],
          "afterHooks": [],
          "tests": [
            {
              "title": "Checkout Products without login",
              "fullTitle": "CheckOut products Checkout Products without login",
              "timedOut": null,
              "duration": 171455,
              "state": "passed",
              "speed": "slow",
              "pass": true,
              "fail": false,
              "pending": false,
              "context": "[\n  {\n    \"title\": \"cypress-mochawesome-reporter-videos-passed\",\n    \"value\": \"cypress\\\\e2e\\\\tests\\\\checkOutProducts.cy.js\"\n  },\n  {\n    \"title\": \"cypress-mochawesome-reporter-screenshots\",\n    \"value\": [\n      [\n        \"\\\\checkOutProducts.cy.js\\\\CheckOut products -- Checkout Products without login (failed).png\"\n      ],\n      []\n    ]\n  }\n]",
              "code": "cy.visit(\"/\");\n_homePage.default.goToCart();\n_cartPage.default.removeAllProductsFromCart();\n_loginPage.default.navigateToHomePage();\n_homePage.default.clickOnRandomProduct();\n_productPage.default.verifyRandomProductDetails();\n_productPage.default.addProductToCart();\n_cartPage.default.verifyLatestProductInCart();\n_cartPage.default.setShippingDetails();\n_cartPage.default.checkTotals();\n_cartPage.default.clickCheckOut();\n_loginPage.default.clickGuestCheckOut();\n_cartPage.default.fillGuestPersonalDeatils();\n_checkOutConfirmation.default.verifyItemsAndPlaceOrder();\n_checkOutConfirmation.default.clickCheckOut();",
              "err": {},
              "uuid": "6f131e4b-2a76-4238-9c81-622775c59b3e",
              "parentUUID": "0177022f-f35d-4674-a87e-08b6fb1d21ec",
              "isHook": false,
              "skipped": false
            },
            {
              "title": "CheckOut Products from the wishList with Login ",
              "fullTitle": "CheckOut products CheckOut Products from the wishList with Login ",
              "timedOut": null,
              "duration": 21574,
              "state": "passed",
              "speed": "slow",
              "pass": true,
              "fail": false,
              "pending": false,
              "context": "{\n  \"title\": \"cypress-mochawesome-reporter-videos-passed\",\n  \"value\": \"cypress\\\\e2e\\\\tests\\\\checkOutProducts.cy.js\"\n}",
              "code": "cy.login(userData);\ncy.visit(\"/\");\n_homePage.default.clickOnWishList();\n_wishListPage.default.removeProductsWithCurrentDate();\n_homePage.default.goToCart();\n_cartPage.default.removeAllProductsFromCart();\n_loginPage.default.navigateToHomePage();\n_homePage.default.clickOnRandomProduct();\n_productPage.default.verifyRandomProductDetails();\n_productPage.default.addProductToWishlist();\n_homePage.default.clickOnWishList();\n_wishListPage.default.verifyLatestAddedProductInWishList();\n_wishListPage.default.addProductToCart();\n_cartPage.default.verifyLatestProductInCart();\n_cartPage.default.setShippingDetails();\n_cartPage.default.checkTotals();\n_cartPage.default.clickCheckOut();\n_checkOutConfirmation.default.verifyItemsAndPlaceOrder();\n_checkOutConfirmation.default.clickCheckOut();",
              "err": {},
              "uuid": "451af4d9-dd61-4bd9-b207-35f26be12662",
              "parentUUID": "0177022f-f35d-4674-a87e-08b6fb1d21ec",
              "isHook": false,
              "skipped": false
            }
          ],
          "suites": [],
          "passes": [
            "6f131e4b-2a76-4238-9c81-622775c59b3e",
            "451af4d9-dd61-4bd9-b207-35f26be12662"
          ],
          "failures": [],
          "pending": [],
          "skipped": [],
          "duration": 193029,
          "root": false,
          "rootEmpty": false,
          "_timeout": 2000
        }
      ],
      "passes": [],
      "failures": [],
      "pending": [],
      "skipped": [],
      "duration": 0,
      "root": true,
      "rootEmpty": true,
      "_timeout": 2000
    }
  ],
  "meta": {
    "mocha": {
      "version": "7.2.0"
    },
    "mochawesome": {
      "options": {
        "quiet": false,
        "reportFilename": "mochawesome",
        "saveHtml": false,
        "saveJson": true,
        "consoleReporter": "spec",
        "useInlineDiffs": false,
        "code": true
      },
      "version": "7.1.3"
    },
    "marge": {
      "options": {
        "reportDir": "cypress\\reports\\html\\.jsons",
        "overwrite": false,
        "html": false,
        "json": true
      },
      "version": "6.2.0"
    }
  }
}