{
  "stats": {
    "suites": 1,
    "tests": 1,
    "passes": 1,
    "pending": 0,
    "failures": 0,
    "start": "2025-05-12T10:31:57.617Z",
    "end": "2025-05-12T10:32:53.517Z",
    "duration": 55900,
    "testsRegistered": 1,
    "passPercent": 100,
    "pendingPercent": 0,
    "other": 0,
    "hasOther": false,
    "skipped": 0,
    "hasSkipped": false
  },
  "results": [
    {
      "uuid": "ac286c01-e2c3-44f8-a352-69385ab6ed23",
      "title": "",
      "fullFile": "cypress\\e2e\\tests\\menuItems.cy.js",
      "file": "cypress\\e2e\\tests\\menuItems.cy.js",
      "beforeHooks": [],
      "afterHooks": [],
      "tests": [],
      "suites": [
        {
          "uuid": "a484e3bb-cf4e-4367-90b3-4a481bf4da3a",
          "title": "Verifying menu items",
          "fullFile": "",
          "file": "",
          "beforeHooks": [],
          "afterHooks": [],
          "tests": [
            {
              "title": "Verify if correct menu and sub menu items are displayed ",
              "fullTitle": "Verifying menu items Verify if correct menu and sub menu items are displayed ",
              "timedOut": null,
              "duration": 55662,
              "state": "passed",
              "speed": "slow",
              "pass": true,
              "fail": false,
              "pending": false,
              "context": null,
              "code": "cy.visit(\"/\");\n_homePage.default.checkAllMenuItems();",
              "err": {},
              "uuid": "abcd6bf4-00f4-4a7a-a43c-88ac2926f5f5",
              "parentUUID": "a484e3bb-cf4e-4367-90b3-4a481bf4da3a",
              "isHook": false,
              "skipped": false
            }
          ],
          "suites": [],
          "passes": [
            "abcd6bf4-00f4-4a7a-a43c-88ac2926f5f5"
          ],
          "failures": [],
          "pending": [],
          "skipped": [],
          "duration": 55662,
          "root": false,
          "rootEmpty": false,
          "_timeout": 2000
        }
      ],
      "passes": [],
      "failures": [],
      "pending": [],
      "skipped": [],
      "duration": 0,
      "root": true,
      "rootEmpty": true,
      "_timeout": 2000
    }
  ],
  "meta": {
    "mocha": {
      "version": "7.2.0"
    },
    "mochawesome": {
      "options": {
        "quiet": false,
        "reportFilename": "mochawesome",
        "saveHtml": false,
        "saveJson": true,
        "consoleReporter": "spec",
        "useInlineDiffs": false,
        "code": true
      },
      "version": "7.1.3"
    },
    "marge": {
      "options": {
        "overwrite": false,
        "html": false,
        "json": true,
        "reportDir": "cypress\\reports\\html\\.jsons"
      },
      "version": "6.2.0"
    }
  }
}