{
  "stats": {
    "suites": 1,
    "tests": 1,
    "passes": 1,
    "pending": 0,
    "failures": 0,
    "start": "2025-05-12T10:42:02.637Z",
    "end": "2025-05-12T10:46:03.604Z",
    "duration": 240967,
    "testsRegistered": 1,
    "passPercent": 100,
    "pendingPercent": 0,
    "other": 0,
    "hasOther": false,
    "skipped": 0,
    "hasSkipped": false
  },
  "results": [
    {
      "uuid": "368d2b47-1e90-4596-833f-95551805c6cb",
      "title": "",
      "fullFile": "cypress\\e2e\\tests\\socialMediaLogosNavigation.cy.js",
      "file": "cypress\\e2e\\tests\\socialMediaLogosNavigation.cy.js",
      "beforeHooks": [],
      "afterHooks": [],
      "tests": [],
      "suites": [
        {
          "uuid": "77ef566e-cad1-4f73-b96b-db71e2a26e8a",
          "title": "Check Header and Fotter Logo Navigation",
          "fullFile": "",
          "file": "",
          "beforeHooks": [],
          "afterHooks": [],
          "tests": [
            {
              "title": "Verify header and footer logo navigations",
              "fullTitle": "Check Header and Fotter Logo Navigation Verify header and footer logo navigations",
              "timedOut": null,
              "duration": 240897,
              "state": "passed",
              "speed": "slow",
              "pass": true,
              "fail": false,
              "pending": false,
              "context": null,
              "code": "cy.visit(\"/\");\n_homePage.default.checkSocialMediaLogoNavigations();",
              "err": {},
              "uuid": "fdd28da9-882c-47bb-8206-cb5d14783479",
              "parentUUID": "77ef566e-cad1-4f73-b96b-db71e2a26e8a",
              "isHook": false,
              "skipped": false
            }
          ],
          "suites": [],
          "passes": [
            "fdd28da9-882c-47bb-8206-cb5d14783479"
          ],
          "failures": [],
          "pending": [],
          "skipped": [],
          "duration": 240897,
          "root": false,
          "rootEmpty": false,
          "_timeout": 2000
        }
      ],
      "passes": [],
      "failures": [],
      "pending": [],
      "skipped": [],
      "duration": 0,
      "root": true,
      "rootEmpty": true,
      "_timeout": 2000
    }
  ],
  "meta": {
    "mocha": {
      "version": "7.2.0"
    },
    "mochawesome": {
      "options": {
        "quiet": false,
        "reportFilename": "mochawesome",
        "saveHtml": false,
        "saveJson": true,
        "consoleReporter": "spec",
        "useInlineDiffs": false,
        "code": true
      },
      "version": "7.1.3"
    },
    "marge": {
      "options": {
        "overwrite": false,
        "html": false,
        "json": true,
        "reportDir": "cypress\\reports\\html\\.jsons"
      },
      "version": "6.2.0"
    }
  }
}